# JRE version: OpenJDK Runtime Environment (15.0.1+9) (build 15.0.1+9-18)
# Java VM: OpenJDK 64-Bit Server VM (15.0.1+9-18, mixed mode, sharing, tiered, compressed oops, g1 gc, windows-amd64)
GC Precious Log:
 CPUs: 4 total, 4 available
 Memory: 3910M
 Large Page Support: Disabled
 NUMA Support: Disabled
 Compressed Oops: Enabled (32-bit)
 Heap Region Size: 1M
 Heap Min Capacity: 8M
 Heap Initial Capacity: 62M
 Heap Max Capacity: 768M
 Pre-touch: Disabled
 Parallel Workers: 4
 Concurrent Workers: 1
 Concurrent Refinement Workers: 4
 Periodic GC: Disabled
Heap:
 garbage-first heap   total 230400K, used 56832K [0x00000000d0000000, 0x0000000100000000)
  region size 1024K, 1 young (1024K), 1 survivors (1024K)
 Metaspace       used 1038K, capacity 4810K, committed 5120K, reserved 1056768K
  class space    used 88K, capacity 430K, committed 512K, reserved 1048576K
GC Heap History (20 events):
Event: 69.674 GC heap after
{Heap after GC invocations=10 (full 1):
 garbage-first heap   total 16384K, used 13610K [0x00000000d0000000, 0x0000000100000000)
  region size 1024K, 1 young (1024K), 1 survivors (1024K)
 Metaspace       used 1038K, capacity 4810K, committed 5120K, reserved 1056768K
  class space    used 88K, capacity 430K, committed 512K, reserved 1048576K
}
Event: 69.675 GC heap before
{Heap before GC invocations=10 (full 1):
 garbage-first heap   total 16384K, used 14634K [0x00000000d0000000, 0x0000000100000000)
  region size 1024K, 2 young (2048K), 1 survivors (1024K)
 Metaspace       used 1038K, capacity 4810K, committed 5120K, reserved 1056768K
  class space    used 88K, capacity 430K, committed 512K, reserved 1048576K
}
Event: 69.680 GC heap after
{Heap after GC invocations=11 (full 1):
 garbage-first heap   total 17408K, used 14734K [0x00000000d0000000, 0x0000000100000000)
  region size 1024K, 1 young (1024K), 1 survivors (1024K)
 Metaspace       used 1038K, capacity 4810K, committed 5120K, reserved 1056768K
  class space    used 88K, capacity 430K, committed 512K, reserved 1048576K
}
Event: 69.681 GC heap before
{Heap before GC invocations=11 (full 1):
 garbage-first heap   total 17408K, used 15758K [0x00000000d0000000, 0x0000000100000000)
  region size 1024K, 2 young (2048K), 1 survivors (1024K)
 Metaspace       used 1038K, capacity 4810K, committed 5120K, reserved 1056768K
  class space    used 88K, capacity 430K, committed 512K, reserved 1048576K
}
Event: 69.688 GC heap after
{Heap after GC invocations=12 (full 1):
 garbage-first heap   total 18432K, used 15770K [0x00000000d0000000, 0x0000000100000000)
  region size 1024K, 1 young (1024K), 1 survivors (1024K)
 Metaspace       used 1038K, capacity 4810K, committed 5120K, reserved 1056768K
  class space    used 88K, capacity 430K, committed 512K, reserved 1048576K
}
Event: 69.689 GC heap before
{Heap before GC invocations=12 (full 1):
 garbage-first heap   total 18432K, used 16794K [0x00000000d0000000, 0x0000000100000000)
  region size 1024K, 2 young (2048K), 1 survivors (1024K)
 Metaspace       used 1038K, capacity 4810K, committed 5120K, reserved 1056768K
  class space    used 88K, capacity 430K, committed 512K, reserved 1048576K
}
Event: 69.695 GC heap after
{Heap after GC invocations=13 (full 1):
 garbage-first heap   total 19456K, used 16966K [0x00000000d0000000, 0x0000000100000000)
  region size 1024K, 1 young (1024K), 1 survivors (1024K)
 Metaspace       used 1038K, capacity 4810K, committed 5120K, reserved 1056768K
  class space    used 88K, capacity 430K, committed 512K, reserved 1048576K
}
Event: 69.696 GC heap before
{Heap before GC invocations=13 (full 1):
 garbage-first heap   total 19456K, used 17990K [0x00000000d0000000, 0x0000000100000000)
  region size 1024K, 2 young (2048K), 1 survivors (1024K)
 Metaspace       used 1038K, capacity 4810K, committed 5120K, reserved 1056768K
  class space    used 88K, capacity 430K, committed 512K, reserved 1048576K
}
Event: 69.703 GC heap after
{Heap after GC invocations=14 (full 1):
 garbage-first heap   total 20480K, used 18018K [0x00000000d0000000, 0x0000000100000000)
  region size 1024K, 1 young (1024K), 1 survivors (1024K)
 Metaspace       used 1038K, capacity 4810K, committed 5120K, reserved 1056768K
  class space    used 88K, capacity 430K, committed 512K, reserved 1048576K
}
Event: 69.704 GC heap before
{Heap before GC invocations=14 (full 1):
 garbage-first heap   total 20480K, used 20066K [0x00000000d0000000, 0x0000000100000000)
  region size 1024K, 3 young (3072K), 1 survivors (1024K)
 Metaspace       used 1038K, capacity 4810K, committed 5120K, reserved 1056768K
  class space    used 88K, capacity 430K, committed 512K, reserved 1048576K
}
Event: 69.711 GC heap after
{Heap after GC invocations=15 (full 1):
 garbage-first heap   total 23552K, used 20135K [0x00000000d0000000, 0x0000000100000000)
  region size 1024K, 1 young (1024K), 1 survivors (1024K)
 Metaspace       used 1038K, capacity 4810K, committed 5120K, reserved 1056768K
  class space    used 88K, capacity 430K, committed 512K, reserved 1048576K
}
Event: 69.712 GC heap before
{Heap before GC invocations=15 (full 1):
 garbage-first heap   total 23552K, used 22183K [0x00000000d0000000, 0x0000000100000000)
  region size 1024K, 3 young (3072K), 1 survivors (1024K)
 Metaspace       used 1038K, capacity 4810K, committed 5120K, reserved 1056768K
  class space    used 88K, capacity 430K, committed 512K, reserved 1048576K
}
Event: 69.722 GC heap after
{Heap after GC invocations=16 (full 1):
 garbage-first heap   total 76800K, used 22370K [0x00000000d0000000, 0x0000000100000000)
  region size 1024K, 1 young (1024K), 1 survivors (1024K)
 Metaspace       used 1038K, capacity 4810K, committed 5120K, reserved 1056768K
  class space    used 88K, capacity 430K, committed 512K, reserved 1048576K
}
Event: 69.741 GC heap before
{Heap before GC invocations=16 (full 1):
 garbage-first heap   total 76800K, used 36706K [0x00000000d0000000, 0x0000000100000000)
  region size 1024K, 15 young (15360K), 1 survivors (1024K)
 Metaspace       used 1038K, capacity 4810K, committed 5120K, reserved 1056768K
  class space    used 88K, capacity 430K, committed 512K, reserved 1048576K
}
Event: 69.779 GC heap after
{Heap after GC invocations=17 (full 1):
 garbage-first heap   total 76800K, used 36813K [0x00000000d0000000, 0x0000000100000000)
  region size 1024K, 2 young (2048K), 2 survivors (2048K)
 Metaspace       used 1038K, capacity 4810K, committed 5120K, reserved 1056768K
  class space    used 88K, capacity 430K, committed 512K, reserved 1048576K
}
Event: 69.798 GC heap before
{Heap before GC invocations=17 (full 1):
 garbage-first heap   total 76800K, used 46029K [0x00000000d0000000, 0x0000000100000000)
  region size 1024K, 11 young (11264K), 2 survivors (2048K)
 Metaspace       used 1038K, capacity 4810K, committed 5120K, reserved 1056768K
  class space    used 88K, capacity 430K, committed 512K, reserved 1048576K
}
Event: 69.829 GC heap after
{Heap after GC invocations=18 (full 1):
 garbage-first heap   total 76800K, used 46592K [0x00000000d0000000, 0x0000000100000000)
  region size 1024K, 2 young (2048K), 2 survivors (2048K)
 Metaspace       used 1038K, capacity 4810K, committed 5120K, reserved 1056768K
  class space    used 88K, capacity 430K, committed 512K, reserved 1048576K
}
Event: 69.840 GC heap before
{Heap before GC invocations=19 (full 1):
 garbage-first heap   total 76800K, used 51712K [0x00000000d0000000, 0x0000000100000000)
  region size 1024K, 7 young (7168K), 2 survivors (2048K)
 Metaspace       used 1038K, capacity 4810K, committed 5120K, reserved 1056768K
  class space    used 88K, capacity 430K, committed 512K, reserved 1048576K
}
Event: 69.858 GC heap after
{Heap after GC invocations=20 (full 1):
 garbage-first heap   total 76800K, used 52224K [0x00000000d0000000, 0x0000000100000000)
  region size 1024K, 1 young (1024K), 1 survivors (1024K)
 Metaspace       used 1038K, capacity 4810K, committed 5120K, reserved 1056768K
  class space    used 88K, capacity 430K, committed 512K, reserved 1048576K
}
Event: 69.859 GC heap before
{Heap before GC invocations=20 (full 1):
 garbage-first heap   total 76800K, used 56320K [0x00000000d0000000, 0x0000000100000000)
  region size 1024K, 5 young (5120K), 1 survivors (1024K)
 Metaspace       used 1038K, capacity 4810K, committed 5120K, reserved 1056768K
  class space    used 88K, capacity 430K, committed 512K, reserved 1048576K
}

